<?xml version="1.0" encoding="UTF-8"?>
<coverage generated="1505514270099" clover="3.2.0">
  <project timestamp="1505514270099" name="All files">
    <metrics statements="20" coveredstatements="10" conditionals="0" coveredconditionals="0" methods="13" coveredmethods="3" elements="33" coveredelements="13" complexity="0" loc="20" ncloc="20" packages="1" files="1" classes="1">
      <file name="api-routes.js" path="C:\Users\Tori White\Documents\Homework\02-Project\gymtag\routes\api-routes.js">
        <metrics statements="20" coveredstatements="10" conditionals="0" coveredconditionals="0" methods="13" coveredmethods="3"/>
        <line num="9" count="1" type="stmt"/>
        <line num="13" count="1" type="stmt"/>
        <line num="16" count="1" type="stmt"/>
        <line num="17" count="1" type="stmt"/>
        <line num="22" count="1" type="stmt"/>
        <line num="27" count="1" type="stmt"/>
        <line num="28" count="0" type="stmt"/>
        <line num="33" count="0" type="stmt"/>
        <line num="38" count="1" type="stmt"/>
        <line num="39" count="0" type="stmt"/>
        <line num="44" count="0" type="stmt"/>
        <line num="49" count="1" type="stmt"/>
        <line num="53" count="0" type="stmt"/>
        <line num="62" count="0" type="stmt"/>
        <line num="65" count="1" type="stmt"/>
        <line num="69" count="0" type="stmt"/>
        <line num="78" count="0" type="stmt"/>
        <line num="81" count="1" type="stmt"/>
        <line num="85" count="0" type="stmt"/>
        <line num="92" count="0" type="stmt"/>
      </file>
    </metrics>
  </project>
</coverage>
