{"C:\\Users\\Tori White\\Documents\\Homework\\02-Project\\gymtag\\routes\\api-routes.js": {"path":"C:\\Users\\Tori White\\Documents\\Homework\\02-Project\\gymtag\\routes\\api-routes.js","statementMap":{"0":{"start":{"line":9,"column":9},"end":{"line":9,"column":29}},"1":{"start":{"line":13,"column":0},"end":{"line":95,"column":2}},"2":{"start":{"line":16,"column":2},"end":{"line":24,"column":5}},"3":{"start":{"line":17,"column":4},"end":{"line":23,"column":7}},"4":{"start":{"line":22,"column":6},"end":{"line":22,"column":24}},"5":{"start":{"line":27,"column":2},"end":{"line":35,"column":5}},"6":{"start":{"line":28,"column":4},"end":{"line":34,"column":7}},"7":{"start":{"line":33,"column":6},"end":{"line":33,"column":24}},"8":{"start":{"line":38,"column":2},"end":{"line":46,"column":5}},"9":{"start":{"line":39,"column":4},"end":{"line":45,"column":7}},"10":{"start":{"line":44,"column":6},"end":{"line":44,"column":24}},"11":{"start":{"line":49,"column":2},"end":{"line":64,"column":5}},"12":{"start":{"line":53,"column":4},"end":{"line":63,"column":6}},"13":{"start":{"line":62,"column":6},"end":{"line":62,"column":24}},"14":{"start":{"line":65,"column":0},"end":{"line":80,"column":5}},"15":{"start":{"line":69,"column":4},"end":{"line":79,"column":6}},"16":{"start":{"line":78,"column":6},"end":{"line":78,"column":24}},"17":{"start":{"line":81,"column":0},"end":{"line":94,"column":5}},"18":{"start":{"line":85,"column":4},"end":{"line":93,"column":6}},"19":{"start":{"line":92,"column":6},"end":{"line":92,"column":24}}},"fnMap":{"0":{"name":"(anonymous_0)","decl":{"start":{"line":13,"column":17},"end":{"line":13,"column":18}},"loc":{"start":{"line":13,"column":31},"end":{"line":95,"column":1}},"line":13},"1":{"name":"(anonymous_1)","decl":{"start":{"line":16,"column":21},"end":{"line":16,"column":22}},"loc":{"start":{"line":16,"column":40},"end":{"line":24,"column":3}},"line":16},"2":{"name":"(anonymous_2)","decl":{"start":{"line":21,"column":12},"end":{"line":21,"column":13}},"loc":{"start":{"line":21,"column":30},"end":{"line":23,"column":5}},"line":21},"3":{"name":"(anonymous_3)","decl":{"start":{"line":27,"column":21},"end":{"line":27,"column":22}},"loc":{"start":{"line":27,"column":40},"end":{"line":35,"column":3}},"line":27},"4":{"name":"(anonymous_4)","decl":{"start":{"line":32,"column":12},"end":{"line":32,"column":13}},"loc":{"start":{"line":32,"column":30},"end":{"line":34,"column":5}},"line":32},"5":{"name":"(anonymous_5)","decl":{"start":{"line":38,"column":25},"end":{"line":38,"column":26}},"loc":{"start":{"line":38,"column":44},"end":{"line":46,"column":3}},"line":38},"6":{"name":"(anonymous_6)","decl":{"start":{"line":43,"column":12},"end":{"line":43,"column":13}},"loc":{"start":{"line":43,"column":30},"end":{"line":45,"column":5}},"line":43},"7":{"name":"(anonymous_7)","decl":{"start":{"line":49,"column":22},"end":{"line":49,"column":23}},"loc":{"start":{"line":49,"column":41},"end":{"line":64,"column":3}},"line":49},"8":{"name":"(anonymous_8)","decl":{"start":{"line":60,"column":12},"end":{"line":60,"column":13}},"loc":{"start":{"line":60,"column":30},"end":{"line":63,"column":5}},"line":60},"9":{"name":"(anonymous_9)","decl":{"start":{"line":65,"column":20},"end":{"line":65,"column":21}},"loc":{"start":{"line":65,"column":39},"end":{"line":80,"column":3}},"line":65},"10":{"name":"(anonymous_10)","decl":{"start":{"line":76,"column":12},"end":{"line":76,"column":13}},"loc":{"start":{"line":76,"column":30},"end":{"line":79,"column":5}},"line":76},"11":{"name":"(anonymous_11)","decl":{"start":{"line":81,"column":28},"end":{"line":81,"column":29}},"loc":{"start":{"line":81,"column":47},"end":{"line":94,"column":3}},"line":81},"12":{"name":"(anonymous_12)","decl":{"start":{"line":91,"column":12},"end":{"line":91,"column":13}},"loc":{"start":{"line":91,"column":30},"end":{"line":93,"column":5}},"line":91}},"branchMap":{},"s":{"0":1,"1":1,"2":1,"3":1,"4":1,"5":1,"6":0,"7":0,"8":1,"9":0,"10":0,"11":1,"12":0,"13":0,"14":1,"15":0,"16":0,"17":1,"18":0,"19":0},"f":{"0":1,"1":1,"2":1,"3":0,"4":0,"5":0,"6":0,"7":0,"8":0,"9":0,"10":0,"11":0,"12":0},"b":{},"_coverageSchema":"332fd63041d2c1bcb487cc26dd0d5f7d97098a6c","hash":"03c4c52d53dfbaeae6ef88b669616ad99af1f635"}
}
