TN:
SF:C:\Users\Tori White\Documents\Homework\02-Project\gymtag\routes\api-routes.js
FN:13,(anonymous_0)
FN:16,(anonymous_1)
FN:21,(anonymous_2)
FN:27,(anonymous_3)
FN:32,(anonymous_4)
FN:38,(anonymous_5)
FN:43,(anonymous_6)
FN:49,(anonymous_7)
FN:60,(anonymous_8)
FN:65,(anonymous_9)
FN:76,(anonymous_10)
FN:81,(anonymous_11)
FN:91,(anonymous_12)
FNF:13
FNH:3
FNDA:1,(anonymous_0)
FNDA:1,(anonymous_1)
FNDA:1,(anonymous_2)
FNDA:0,(anonymous_3)
FNDA:0,(anonymous_4)
FNDA:0,(anonymous_5)
FNDA:0,(anonymous_6)
FNDA:0,(anonymous_7)
FNDA:0,(anonymous_8)
FNDA:0,(anonymous_9)
FNDA:0,(anonymous_10)
FNDA:0,(anonymous_11)
FNDA:0,(anonymous_12)
DA:9,1
DA:13,1
DA:16,1
DA:17,1
DA:22,1
DA:27,1
DA:28,0
DA:33,0
DA:38,1
DA:39,0
DA:44,0
DA:49,1
DA:53,0
DA:62,0
DA:65,1
DA:69,0
DA:78,0
DA:81,1
DA:85,0
DA:92,0
LF:20
LH:10
BRF:0
BRH:0
end_of_record
